\BOOKMARK [0][-]{chapter*.2}{Introduzione}{}% 1
\BOOKMARK [0][-]{chapter.1}{Ambliopia}{}% 2
\BOOKMARK [1][-]{section.1.1}{Cos'\350 l'ambliopia?}{chapter.1}% 3
\BOOKMARK [1][-]{section.1.2}{Cause dell'ambliopia}{chapter.1}% 4
\BOOKMARK [1][-]{section.1.3}{Tipologie di ambliopia}{chapter.1}% 5
\BOOKMARK [2][-]{subsection.1.3.1}{Ambliopia anisometropica}{section.1.3}% 6
\BOOKMARK [2][-]{subsection.1.3.2}{Ambliopia strabica}{section.1.3}% 7
\BOOKMARK [1][-]{section.1.4}{Diagnosi dell'ambliopia}{chapter.1}% 8
\BOOKMARK [1][-]{section.1.5}{Trattamenti}{chapter.1}% 9
\BOOKMARK [2][-]{subsection.1.5.1}{Metodo occlusivo}{section.1.5}% 10
\BOOKMARK [2][-]{subsection.1.5.2}{Atropina}{section.1.5}% 11
\BOOKMARK [2][-]{subsection.1.5.3}{Metodo I-BiT}{section.1.5}% 12
\BOOKMARK [0][-]{chapter.2}{3D4Amb}{}% 13
\BOOKMARK [1][-]{section.2.1}{Introduzione al progetto}{chapter.2}% 14
\BOOKMARK [1][-]{section.2.2}{Obiettivo del progetto}{chapter.2}% 15
\BOOKMARK [1][-]{section.2.3}{Tecniche}{chapter.2}% 16
\BOOKMARK [2][-]{subsection.2.3.1}{Tecnica con anaglifi}{section.2.3}% 17
\BOOKMARK [2][-]{subsection.2.3.2}{Tecnica Active Shutter}{section.2.3}% 18
\BOOKMARK [2][-]{subsection.2.3.3}{Tecnica con visori VR}{section.2.3}% 19
\BOOKMARK [0][-]{chapter.3}{Clash Ninja: Studi preliminari}{}% 20
\BOOKMARK [1][-]{section.3.1}{L'idea}{chapter.3}% 21
\BOOKMARK [1][-]{section.3.2}{Struttura}{chapter.3}% 22
\BOOKMARK [1][-]{section.3.3}{Strumenti}{chapter.3}% 23
\BOOKMARK [2][-]{subsection.3.3.1}{Unity}{section.3.3}% 24
\BOOKMARK [2][-]{subsection.3.3.2}{3D4Amb-ULib}{section.3.3}% 25
\BOOKMARK [2][-]{subsection.3.3.3}{Google Cardboard}{section.3.3}% 26
\BOOKMARK [2][-]{subsection.3.3.4}{Controller Bluetooth}{section.3.3}% 27
\BOOKMARK [1][-]{section.3.4}{Set di gioco}{chapter.3}% 28
\BOOKMARK [0][-]{chapter.4}{Clash Ninja: Realizzazione}{}% 29
\BOOKMARK [1][-]{section.4.1}{Introduzione}{chapter.4}% 30
\BOOKMARK [1][-]{section.4.2}{Sprite}{chapter.4}% 31
\BOOKMARK [2][-]{subsection.4.2.1}{Personaggio principale}{section.4.2}% 32
\BOOKMARK [2][-]{subsection.4.2.2}{Nemici}{section.4.2}% 33
\BOOKMARK [2][-]{subsection.4.2.3}{I mondi}{section.4.2}% 34
\BOOKMARK [1][-]{section.4.3}{Collider}{chapter.4}% 35
\BOOKMARK [1][-]{section.4.4}{Movimento}{chapter.4}% 36
\BOOKMARK [2][-]{subsection.4.4.1}{Gestione delle animazioni con mecanim}{section.4.4}% 37
\BOOKMARK [2][-]{subsection.4.4.2}{Script del movimento}{section.4.4}% 38
\BOOKMARK [1][-]{section.4.5}{AI del nemico}{chapter.4}% 39
\BOOKMARK [2][-]{subsection.4.5.1}{Animazioni del nemico con mecanim}{section.4.5}% 40
\BOOKMARK [2][-]{subsection.4.5.2}{Script per l'AI del nemico}{section.4.5}% 41
\BOOKMARK [1][-]{section.4.6}{Spawning}{chapter.4}% 42
\BOOKMARK [2][-]{subsection.4.6.1}{Generazione automatica dei nemici}{section.4.6}% 43
\BOOKMARK [2][-]{subsection.4.6.2}{Generazione automatica delle pozioni}{section.4.6}% 44
\BOOKMARK [1][-]{section.4.7}{3D4Amb-ULib}{chapter.4}% 45
